In file included from [01m[K/opt/ros/kinetic/include/ros/ros.h:40:0[m[K,
                 from [01m[K/home/jyk/ws_catkin/src/myworkcell_core/src/adv_descartes_node.cpp:1[m[K:
[01m[K/home/jyk/ws_catkin/src/myworkcell_core/src/adv_descartes_node.cpp:[m[K In member function â€˜[01m[Kbool CartesianPlanner::planPath(myworkcell_core::PlanCartesianPathRequest&, myworkcell_core::PlanCartesianPathResponse&)[m[Kâ€™:
[01m[K/home/jyk/ws_catkin/src/myworkcell_core/src/adv_descartes_node.cpp:99:21:[m[K [01;31m[Kerror: [m[Kâ€˜[01m[Ktool_pose[m[Kâ€™ was not declared in this scope
     ROS_INFO_STREAM(tool_pose.size());
[01;32m[K                     ^[m[K
[01m[K/opt/ros/kinetic/include/ros/console.h:356:64:[m[K [01;36m[Knote: [m[Kin definition of macro â€˜[01m[KROSCONSOLE_PRINT_STREAM_AT_LOCATION_WITH_FILTER[m[Kâ€™
     __rosconsole_print_stream_at_location_with_filter__ss__ << args; \
[01;32m[K                                                                ^[m[K
[01m[K/opt/ros/kinetic/include/ros/console.h:398:7:[m[K [01;36m[Knote: [m[Kin expansion of macro â€˜[01m[KROSCONSOLE_PRINT_STREAM_AT_LOCATION[m[Kâ€™
       ROSCONSOLE_PRINT_STREAM_AT_LOCATION(args); \
[01;32m[K       ^[m[K
[01m[K/opt/ros/kinetic/include/ros/console.h:568:43:[m[K [01;36m[Knote: [m[Kin expansion of macro â€˜[01m[KROS_LOG_STREAM_COND[m[Kâ€™
 #define ROS_LOG_STREAM(level, name, args) ROS_LOG_STREAM_COND(true, level, name, args)
[01;32m[K                                           ^[m[K
[01m[K/opt/ros/kinetic/include/rosconsole/macros_generated.h:111:31:[m[K [01;36m[Knote: [m[Kin expansion of macro â€˜[01m[KROS_LOG_STREAM[m[Kâ€™
 #define ROS_INFO_STREAM(args) ROS_LOG_STREAM(::ros::console::levels::Info, ROSCONSOLE_DEFAULT_NAME, args)
[01;32m[K                               ^[m[K
[01m[K/home/jyk/ws_catkin/src/myworkcell_core/src/adv_descartes_node.cpp:99:5:[m[K [01;36m[Knote: [m[Kin expansion of macro â€˜[01m[KROS_INFO_STREAM[m[Kâ€™
     ROS_INFO_STREAM(tool_pose.size());
[01;32m[K     ^[m[K
make[2]: *** [CMakeFiles/adv_descartes_node.dir/src/adv_descartes_node.cpp.o] Error 1
make[1]: *** [CMakeFiles/adv_descartes_node.dir/all] Error 2
make: *** [all] Error 2
