[01m[K/home/jyk/ws_catkin/src/myworkcell_core/src/myworkcell_node.cpp:[m[K In constructor â€˜[01m[KScanNPlan::ScanNPlan(ros::NodeHandle&)[m[Kâ€™:
[01m[K/home/jyk/ws_catkin/src/myworkcell_core/src/myworkcell_node.cpp:9:30:[m[K [01;31m[Kerror: [m[Kâ€˜[01m[Kh[m[Kâ€™ was not declared in this scope
             vision_client_ = h.serviceClient<myworkcell_core::LocalizePart>("localize_part");
[01;32m[K                              ^[m[K
[01m[K/home/jyk/ws_catkin/src/myworkcell_core/src/myworkcell_node.cpp:9:75:[m[K [01;31m[Kerror: [m[Kexpected primary-expression before â€˜[01m[K>[m[Kâ€™ token
             vision_client_ = h.serviceClient<myworkcell_core::LocalizePart>("localize_part");
[01;32m[K                                                                           ^[m[K
make[2]: *** [CMakeFiles/myworkcell_node.dir/src/myworkcell_node.cpp.o] Error 1
make[1]: *** [CMakeFiles/myworkcell_node.dir/all] Error 2
make: *** [all] Error 2
