[01m[K/home/jyk/ws_catkin/src/myworkcell_core/src/myworkcell_node.cpp:[m[K In member function â€˜[01m[Kvoid ScanNPlan::start(const string&)[m[Kâ€™:
[01m[K/home/jyk/ws_catkin/src/myworkcell_core/src/myworkcell_node.cpp:57:13:[m[K [01;31m[Kerror: [m[Kexpected â€˜[01m[K;[m[Kâ€™ before â€˜[01m[Kcontrol_msgs[m[Kâ€™
             control_msgs::FollowJointTrajectoryGoal goal;
[01;32m[K             ^[m[K
make[2]: *** [CMakeFiles/myworkcell_node.dir/src/myworkcell_node.cpp.o] Error 1
make[1]: *** [CMakeFiles/myworkcell_node.dir/all] Error 2
make: *** [all] Error 2
